<?xml version="1.0" encoding="UTF-8" ?>
<testsuite failures="0" time="0.014" errors="0" skipped="0" tests="1" name="com.justcloud.spring1.AppTest">
  <properties>
    <property name="java.runtime.name" value="Java(TM) SE Runtime Environment"/>
    <property name="sun.boot.library.path" value="/home/iamedu/Tools/java/jdk1.7.0/jre/lib/i386"/>
    <property name="java.vm.version" value="21.0-b17"/>
    <property name="java.vm.vendor" value="Oracle Corporation"/>
    <property name="java.vendor.url" value="http://java.oracle.com/"/>
    <property name="path.separator" value=":"/>
    <property name="java.vm.name" value="Java HotSpot(TM) Server VM"/>
    <property name="file.encoding.pkg" value="sun.io"/>
    <property name="user.country" value="US"/>
    <property name="sun.java.launcher" value="SUN_STANDARD"/>
    <property name="sun.os.patch.level" value="unknown"/>
    <property name="java.vm.specification.name" value="Java Virtual Machine Specification"/>
    <property name="user.dir" value="/home/iamedu/Code/iamedu/SpringHibernate/Spring4"/>
    <property name="java.runtime.version" value="1.7.0-b147"/>
    <property name="java.awt.graphicsenv" value="sun.awt.X11GraphicsEnvironment"/>
    <property name="basedir" value="/home/iamedu/Code/iamedu/SpringHibernate/Spring4"/>
    <property name="java.endorsed.dirs" value="/home/iamedu/Tools/java/jdk1.7.0/jre/lib/endorsed"/>
    <property name="os.arch" value="i386"/>
    <property name="surefire.real.class.path" value="/home/iamedu/Code/iamedu/SpringHibernate/Spring4/target/surefire/surefirebooter6782394968424227514.jar"/>
    <property name="java.io.tmpdir" value="/tmp"/>
    <property name="line.separator" value="
"/>
    <property name="java.vm.specification.vendor" value="Oracle Corporation"/>
    <property name="os.name" value="Linux"/>
    <property name="sun.jnu.encoding" value="UTF-8"/>
    <property name="java.library.path" value=":/opt/AMDAPP/lib/x86:/usr/java/packages/lib/i386:/lib:/usr/lib"/>
    <property name="surefire.test.class.path" value="/home/iamedu/Code/iamedu/SpringHibernate/Spring4/target/test-classes:/home/iamedu/Code/iamedu/SpringHibernate/Spring4/target/classes:/home/iamedu/.m2/repository/org/springframework/spring-context/3.0.6.RELEASE/spring-context-3.0.6.RELEASE.jar:/home/iamedu/.m2/repository/org/springframework/spring-aop/3.0.6.RELEASE/spring-aop-3.0.6.RELEASE.jar:/home/iamedu/.m2/repository/aopalliance/aopalliance/1.0/aopalliance-1.0.jar:/home/iamedu/.m2/repository/org/springframework/spring-beans/3.0.6.RELEASE/spring-beans-3.0.6.RELEASE.jar:/home/iamedu/.m2/repository/org/springframework/spring-core/3.0.6.RELEASE/spring-core-3.0.6.RELEASE.jar:/home/iamedu/.m2/repository/commons-logging/commons-logging/1.1.1/commons-logging-1.1.1.jar:/home/iamedu/.m2/repository/org/springframework/spring-expression/3.0.6.RELEASE/spring-expression-3.0.6.RELEASE.jar:/home/iamedu/.m2/repository/org/springframework/spring-asm/3.0.6.RELEASE/spring-asm-3.0.6.RELEASE.jar:/home/iamedu/.m2/repository/junit/junit/3.8.1/junit-3.8.1.jar:"/>
    <property name="java.specification.name" value="Java Platform API Specification"/>
    <property name="java.class.version" value="51.0"/>
    <property name="sun.management.compiler" value="HotSpot Tiered Compilers"/>
    <property name="os.version" value="2.6.37.6-smp"/>
    <property name="user.home" value="/home/iamedu"/>
    <property name="user.timezone" value=""/>
    <property name="java.awt.printerjob" value="sun.print.PSPrinterJob"/>
    <property name="file.encoding" value="UTF-8"/>
    <property name="java.specification.version" value="1.7"/>
    <property name="user.name" value="iamedu"/>
    <property name="java.class.path" value="/home/iamedu/Code/iamedu/SpringHibernate/Spring4/target/test-classes:/home/iamedu/Code/iamedu/SpringHibernate/Spring4/target/classes:/home/iamedu/.m2/repository/org/springframework/spring-context/3.0.6.RELEASE/spring-context-3.0.6.RELEASE.jar:/home/iamedu/.m2/repository/org/springframework/spring-aop/3.0.6.RELEASE/spring-aop-3.0.6.RELEASE.jar:/home/iamedu/.m2/repository/aopalliance/aopalliance/1.0/aopalliance-1.0.jar:/home/iamedu/.m2/repository/org/springframework/spring-beans/3.0.6.RELEASE/spring-beans-3.0.6.RELEASE.jar:/home/iamedu/.m2/repository/org/springframework/spring-core/3.0.6.RELEASE/spring-core-3.0.6.RELEASE.jar:/home/iamedu/.m2/repository/commons-logging/commons-logging/1.1.1/commons-logging-1.1.1.jar:/home/iamedu/.m2/repository/org/springframework/spring-expression/3.0.6.RELEASE/spring-expression-3.0.6.RELEASE.jar:/home/iamedu/.m2/repository/org/springframework/spring-asm/3.0.6.RELEASE/spring-asm-3.0.6.RELEASE.jar:/home/iamedu/.m2/repository/junit/junit/3.8.1/junit-3.8.1.jar:"/>
    <property name="java.vm.specification.version" value="1.7"/>
    <property name="sun.arch.data.model" value="32"/>
    <property name="java.home" value="/home/iamedu/Tools/java/jdk1.7.0/jre"/>
    <property name="sun.java.command" value="/home/iamedu/Code/iamedu/SpringHibernate/Spring4/target/surefire/surefirebooter6782394968424227514.jar /home/iamedu/Code/iamedu/SpringHibernate/Spring4/target/surefire/surefire3405837896183755426tmp /home/iamedu/Code/iamedu/SpringHibernate/Spring4/target/surefire/surefire1756908785516907727tmp"/>
    <property name="java.specification.vendor" value="Oracle Corporation"/>
    <property name="user.language" value="en"/>
    <property name="awt.toolkit" value="sun.awt.X11.XToolkit"/>
    <property name="java.vm.info" value="mixed mode"/>
    <property name="java.version" value="1.7.0"/>
    <property name="java.ext.dirs" value="/home/iamedu/Tools/java/jdk1.7.0/jre/lib/ext:/usr/java/packages/lib/ext"/>
    <property name="sun.boot.class.path" value="/home/iamedu/Tools/java/jdk1.7.0/jre/lib/resources.jar:/home/iamedu/Tools/java/jdk1.7.0/jre/lib/rt.jar:/home/iamedu/Tools/java/jdk1.7.0/jre/lib/sunrsasign.jar:/home/iamedu/Tools/java/jdk1.7.0/jre/lib/jsse.jar:/home/iamedu/Tools/java/jdk1.7.0/jre/lib/jce.jar:/home/iamedu/Tools/java/jdk1.7.0/jre/lib/charsets.jar:/home/iamedu/Tools/java/jdk1.7.0/jre/classes"/>
    <property name="java.vendor" value="Oracle Corporation"/>
    <property name="localRepository" value="/home/iamedu/.m2/repository"/>
    <property name="file.separator" value="/"/>
    <property name="java.vendor.url.bug" value="http://bugreport.sun.com/bugreport/"/>
    <property name="sun.cpu.endian" value="little"/>
    <property name="sun.io.unicode.encoding" value="UnicodeLittle"/>
    <property name="sun.cpu.isalist" value=""/>
  </properties>
  <testcase time="0.002" classname="com.justcloud.spring1.AppTest" name="testApp"/>
</testsuite>